SF:lib\models\coffee_log.dart
DA:7,3
DA:15,1
DA:16,1
DA:17,1
DA:18,2
DA:19,2
DA:20,2
DA:24,1
DA:25,1
DA:26,1
DA:27,1
DA:28,4
DA:29,1
DA:31,1
DA:32,4
DA:33,1
DA:35,2
LF:17
LH:17
end_of_record
SF:lib\services\coffee_service.dart
DA:5,6
DA:6,4
DA:7,2
DA:11,6
DA:14,2
DA:15,4
DA:17,12
DA:21,2
DA:22,10
DA:26,2
DA:27,2
DA:28,8
DA:29,6
DA:30,14
DA:31,2
DA:32,2
DA:36,2
DA:37,4
DA:41,2
DA:42,2
DA:43,4
DA:44,14
DA:45,2
DA:46,4
DA:48,4
LF:25
LH:25
end_of_record
SF:lib\pages\tracker_page.dart
DA:8,1
DA:10,1
DA:11,1
DA:17,1
DA:18,1
DA:19,1
DA:20,1
DA:24,0
DA:25,0
DA:28,0
DA:29,0
DA:30,0
DA:31,0
DA:39,1
DA:40,2
DA:41,2
DA:44,3
DA:52,1
DA:54,2
DA:55,2
DA:57,1
DA:58,1
DA:62,1
DA:63,1
DA:64,1
DA:65,1
DA:66,1
DA:67,1
DA:68,1
DA:72,1
DA:73,1
DA:80,1
DA:81,1
DA:82,1
DA:84,1
DA:85,1
DA:88,5
DA:91,1
DA:93,4
DA:96,1
DA:98,5
DA:99,1
DA:108,1
DA:109,1
DA:112,1
DA:113,4
DA:114,1
DA:115,1
DA:116,1
DA:117,1
DA:123,1
DA:125,1
DA:126,1
DA:129,4
DA:132,1
DA:134,1
DA:135,1
DA:137,5
DA:138,4
DA:141,1
DA:142,2
DA:143,5
DA:145,4
DA:155,1
DA:156,2
DA:157,2
DA:158,3
DA:160,1
DA:162,1
DA:163,1
DA:164,1
DA:165,1
DA:166,1
DA:167,1
DA:175,0
DA:178,1
DA:180,1
DA:181,1
DA:183,1
DA:185,4
DA:187,3
DA:191,3
DA:198,1
DA:199,1
DA:201,1
DA:202,2
DA:204,1
DA:210,1
DA:211,1
DA:212,1
DA:213,2
DA:216,1
DA:217,1
DA:218,3
DA:221,1
DA:222,3
DA:229,1
DA:230,2
DA:232,1
DA:234,1
DA:235,1
DA:236,4
DA:237,1
DA:238,2
DA:242,1
DA:243,2
DA:246,1
DA:247,5
DA:249,1
DA:250,2
DA:251,5
DA:252,1
DA:261,1
DA:262,1
DA:263,3
DA:264,3
DA:265,3
DA:268,1
DA:269,2
DA:270,3
DA:271,3
DA:272,3
LF:122
LH:115
end_of_record
SF:lib\widgets\add_coffee_dialog.dart
DA:5,1
DA:7,1
DA:8,1
DA:17,1
DA:19,1
DA:20,1
DA:21,2
DA:24,0
DA:25,0
DA:27,0
DA:28,0
DA:29,0
DA:31,0
DA:32,0
DA:33,0
DA:38,0
DA:39,0
DA:41,0
DA:43,0
DA:44,0
DA:45,0
DA:50,0
DA:51,0
DA:52,0
DA:53,0
DA:54,0
DA:55,0
DA:56,0
DA:60,1
DA:62,1
DA:63,1
DA:66,1
DA:69,1
DA:70,1
DA:71,1
DA:72,1
DA:74,3
DA:78,1
DA:80,4
DA:89,1
DA:91,4
DA:96,1
DA:98,1
DA:99,2
DA:100,1
DA:102,1
DA:103,1
DA:106,2
DA:107,1
DA:109,1
DA:110,1
DA:111,2
DA:113,2
DA:117,1
DA:118,0
DA:120,0
DA:121,0
DA:130,1
DA:132,4
DA:137,1
DA:139,1
DA:140,2
DA:141,1
DA:143,1
DA:144,1
DA:147,2
DA:148,1
DA:150,1
DA:151,1
DA:152,2
DA:154,2
DA:158,1
DA:159,0
DA:161,0
DA:162,0
DA:171,1
DA:173,4
DA:178,1
DA:179,1
DA:180,1
DA:181,1
DA:182,0
DA:184,1
DA:185,7
DA:190,1
DA:191,1
DA:192,0
DA:194,1
DA:195,9
DA:204,1
DA:206,1
DA:207,1
DA:208,0
DA:212,1
DA:213,0
DA:214,0
DA:215,0
DA:216,0
DA:217,0
DA:218,0
DA:220,0
LF:101
LH:64
end_of_record
